Analysis & Synthesis report for Lab6
Fri Mar 29 10:57:26 2019
Quartus Prime Version 16.1.0 Build 196 10/24/2016 SJ Lite Edition


---------------------
; Table of Contents ;
---------------------
  1. Legal Notice
  2. Analysis & Synthesis Summary
  3. Analysis & Synthesis Settings
  4. Parallel Compilation
  5. Analysis & Synthesis Source Files Read
  6. Analysis & Synthesis Resource Usage Summary
  7. Analysis & Synthesis Resource Utilization by Entity
  8. Registers Removed During Synthesis
  9. General Register Statistics
 10. Port Connectivity Checks: "decoder_7_seg:comb_6"
 11. Port Connectivity Checks: "binary_to_bcd:comb_3|add3:m6"
 12. Port Connectivity Checks: "binary_to_bcd:comb_3|add3:m1"
 13. Post-Synthesis Netlist Statistics for Top Partition
 14. Elapsed Time Per Partition
 15. Analysis & Synthesis Messages



----------------
; Legal Notice ;
----------------
Copyright (C) 2016  Intel Corporation. All rights reserved.
Your use of Intel Corporation's design tools, logic functions 
and other software and tools, and its AMPP partner logic 
functions, and any output files from any of the foregoing 
(including device programming or simulation files), and any 
associated documentation or information are expressly subject 
to the terms and conditions of the Intel Program License 
Subscription Agreement, the Intel Quartus Prime License Agreement,
the Intel MegaCore Function License Agreement, or other 
applicable license agreement, including, without limitation, 
that your use is for the sole purpose of programming logic 
devices manufactured by Intel and sold by Intel or its 
authorized distributors.  Please refer to the applicable 
agreement for further details.



+-------------------------------------------------------------------------------+
; Analysis & Synthesis Summary                                                  ;
+---------------------------------+---------------------------------------------+
; Analysis & Synthesis Status     ; Successful - Fri Mar 29 10:57:26 2019       ;
; Quartus Prime Version           ; 16.1.0 Build 196 10/24/2016 SJ Lite Edition ;
; Revision Name                   ; Lab6                                        ;
; Top-level Entity Name           ; Lab6                                        ;
; Family                          ; Cyclone V                                   ;
; Logic utilization (in ALMs)     ; N/A                                         ;
; Total registers                 ; 20                                          ;
; Total pins                      ; 35                                          ;
; Total virtual pins              ; 0                                           ;
; Total block memory bits         ; 0                                           ;
; Total DSP Blocks                ; 0                                           ;
; Total HSSI RX PCSs              ; 0                                           ;
; Total HSSI PMA RX Deserializers ; 0                                           ;
; Total HSSI TX PCSs              ; 0                                           ;
; Total HSSI PMA TX Serializers   ; 0                                           ;
; Total PLLs                      ; 0                                           ;
; Total DLLs                      ; 0                                           ;
+---------------------------------+---------------------------------------------+


+---------------------------------------------------------------------------------------------------------------------------+
; Analysis & Synthesis Settings                                                                                             ;
+---------------------------------------------------------------------------------+--------------------+--------------------+
; Option                                                                          ; Setting            ; Default Value      ;
+---------------------------------------------------------------------------------+--------------------+--------------------+
; Device                                                                          ; 5CEBA4F23C7        ;                    ;
; Top-level entity name                                                           ; Lab6               ; Lab6               ;
; Family name                                                                     ; Cyclone V          ; Cyclone V          ;
; Use smart compilation                                                           ; Off                ; Off                ;
; Enable parallel Assembler and TimeQuest Timing Analyzer during compilation      ; On                 ; On                 ;
; Enable compact report table                                                     ; Off                ; Off                ;
; Restructure Multiplexers                                                        ; Auto               ; Auto               ;
; MLAB Add Timing Constraints For Mixed-Port Feed-Through Mode Setting Don't Care ; Off                ; Off                ;
; Create Debugging Nodes for IP Cores                                             ; Off                ; Off                ;
; Preserve fewer node names                                                       ; On                 ; On                 ;
; OpenCore Plus hardware evaluation                                               ; Enable             ; Enable             ;
; Verilog Version                                                                 ; Verilog_2001       ; Verilog_2001       ;
; VHDL Version                                                                    ; VHDL_1993          ; VHDL_1993          ;
; State Machine Processing                                                        ; Auto               ; Auto               ;
; Safe State Machine                                                              ; Off                ; Off                ;
; Extract Verilog State Machines                                                  ; On                 ; On                 ;
; Extract VHDL State Machines                                                     ; On                 ; On                 ;
; Ignore Verilog initial constructs                                               ; Off                ; Off                ;
; Iteration limit for constant Verilog loops                                      ; 5000               ; 5000               ;
; Iteration limit for non-constant Verilog loops                                  ; 250                ; 250                ;
; Add Pass-Through Logic to Inferred RAMs                                         ; On                 ; On                 ;
; Infer RAMs from Raw Logic                                                       ; On                 ; On                 ;
; Parallel Synthesis                                                              ; On                 ; On                 ;
; DSP Block Balancing                                                             ; Auto               ; Auto               ;
; NOT Gate Push-Back                                                              ; On                 ; On                 ;
; Power-Up Don't Care                                                             ; On                 ; On                 ;
; Remove Redundant Logic Cells                                                    ; Off                ; Off                ;
; Remove Duplicate Registers                                                      ; On                 ; On                 ;
; Ignore CARRY Buffers                                                            ; Off                ; Off                ;
; Ignore CASCADE Buffers                                                          ; Off                ; Off                ;
; Ignore GLOBAL Buffers                                                           ; Off                ; Off                ;
; Ignore ROW GLOBAL Buffers                                                       ; Off                ; Off                ;
; Ignore LCELL Buffers                                                            ; Off                ; Off                ;
; Ignore SOFT Buffers                                                             ; On                 ; On                 ;
; Limit AHDL Integers to 32 Bits                                                  ; Off                ; Off                ;
; Optimization Technique                                                          ; Balanced           ; Balanced           ;
; Carry Chain Length                                                              ; 70                 ; 70                 ;
; Auto Carry Chains                                                               ; On                 ; On                 ;
; Auto Open-Drain Pins                                                            ; On                 ; On                 ;
; Perform WYSIWYG Primitive Resynthesis                                           ; Off                ; Off                ;
; Auto ROM Replacement                                                            ; On                 ; On                 ;
; Auto RAM Replacement                                                            ; On                 ; On                 ;
; Auto DSP Block Replacement                                                      ; On                 ; On                 ;
; Auto Shift Register Replacement                                                 ; Auto               ; Auto               ;
; Allow Shift Register Merging across Hierarchies                                 ; Auto               ; Auto               ;
; Auto Clock Enable Replacement                                                   ; On                 ; On                 ;
; Strict RAM Replacement                                                          ; Off                ; Off                ;
; Allow Synchronous Control Signals                                               ; On                 ; On                 ;
; Force Use of Synchronous Clear Signals                                          ; Off                ; Off                ;
; Auto Resource Sharing                                                           ; Off                ; Off                ;
; Allow Any RAM Size For Recognition                                              ; Off                ; Off                ;
; Allow Any ROM Size For Recognition                                              ; Off                ; Off                ;
; Allow Any Shift Register Size For Recognition                                   ; Off                ; Off                ;
; Use LogicLock Constraints during Resource Balancing                             ; On                 ; On                 ;
; Ignore translate_off and synthesis_off directives                               ; Off                ; Off                ;
; Timing-Driven Synthesis                                                         ; On                 ; On                 ;
; Report Parameter Settings                                                       ; On                 ; On                 ;
; Report Source Assignments                                                       ; On                 ; On                 ;
; Report Connectivity Checks                                                      ; On                 ; On                 ;
; Ignore Maximum Fan-Out Assignments                                              ; Off                ; Off                ;
; Synchronization Register Chain Length                                           ; 3                  ; 3                  ;
; PowerPlay Power Optimization During Synthesis                                   ; Normal compilation ; Normal compilation ;
; HDL message level                                                               ; Level2             ; Level2             ;
; Suppress Register Optimization Related Messages                                 ; Off                ; Off                ;
; Number of Removed Registers Reported in Synthesis Report                        ; 5000               ; 5000               ;
; Number of Swept Nodes Reported in Synthesis Report                              ; 5000               ; 5000               ;
; Number of Inverted Registers Reported in Synthesis Report                       ; 100                ; 100                ;
; Clock MUX Protection                                                            ; On                 ; On                 ;
; Auto Gated Clock Conversion                                                     ; Off                ; Off                ;
; Block Design Naming                                                             ; Auto               ; Auto               ;
; SDC constraint protection                                                       ; Off                ; Off                ;
; Synthesis Effort                                                                ; Auto               ; Auto               ;
; Shift Register Replacement - Allow Asynchronous Clear Signal                    ; On                 ; On                 ;
; Pre-Mapping Resynthesis Optimization                                            ; Off                ; Off                ;
; Analysis & Synthesis Message Level                                              ; Medium             ; Medium             ;
; Disable Register Merging Across Hierarchies                                     ; Auto               ; Auto               ;
; Resource Aware Inference For Block RAM                                          ; On                 ; On                 ;
; Automatic Parallel Synthesis                                                    ; On                 ; On                 ;
; Partial Reconfiguration Bitstream ID                                            ; Off                ; Off                ;
+---------------------------------------------------------------------------------+--------------------+--------------------+


+------------------------------------------+
; Parallel Compilation                     ;
+----------------------------+-------------+
; Processors                 ; Number      ;
+----------------------------+-------------+
; Number detected on machine ; 4           ;
; Maximum allowed            ; 2           ;
;                            ;             ;
; Average used               ; 1.00        ;
; Maximum used               ; 1           ;
;                            ;             ;
; Usage by Processor         ; % Time Used ;
;     Processor 1            ; 100.0%      ;
+----------------------------+-------------+


+-----------------------------------------------------------------------------------------------------------------------------------------------------------------------+
; Analysis & Synthesis Source Files Read                                                                                                                                ;
+----------------------------------+-----------------+------------------------------+-------------------------------------------------------------------------+---------+
; File Name with User-Entered Path ; Used in Netlist ; File Type                    ; File Name with Absolute Path                                            ; Library ;
+----------------------------------+-----------------+------------------------------+-------------------------------------------------------------------------+---------+
; decoder_7_seg.v                  ; yes             ; User Verilog HDL File        ; C:/Users/barber.timothy20/Documents/Github/Quartus/Lab6/decoder_7_seg.v ;         ;
; add3.v                           ; yes             ; User Verilog HDL File        ; C:/Users/barber.timothy20/Documents/Github/Quartus/Lab6/add3.v          ;         ;
; binary_to_bcd.v                  ; yes             ; User Verilog HDL File        ; C:/Users/barber.timothy20/Documents/Github/Quartus/Lab6/binary_to_bcd.v ;         ;
; lab6.v                           ; yes             ; Auto-Found Verilog HDL File  ; C:/Users/barber.timothy20/Documents/Github/Quartus/Lab6/lab6.v          ;         ;
+----------------------------------+-----------------+------------------------------+-------------------------------------------------------------------------+---------+


+--------------------------------------------------------------+
; Analysis & Synthesis Resource Usage Summary                  ;
+---------------------------------------------+----------------+
; Resource                                    ; Usage          ;
+---------------------------------------------+----------------+
; Estimate of Logic utilization (ALMs needed) ; 22             ;
;                                             ;                ;
; Combinational ALUT usage for logic          ; 40             ;
;     -- 7 input functions                    ; 0              ;
;     -- 6 input functions                    ; 3              ;
;     -- 5 input functions                    ; 0              ;
;     -- 4 input functions                    ; 35             ;
;     -- <=3 input functions                  ; 2              ;
;                                             ;                ;
; Dedicated logic registers                   ; 20             ;
;                                             ;                ;
; I/O pins                                    ; 35             ;
;                                             ;                ;
; Total DSP Blocks                            ; 0              ;
;                                             ;                ;
; Maximum fan-out node                        ; CLOCK_50~input ;
; Maximum fan-out                             ; 20             ;
; Total fan-out                               ; 260            ;
; Average fan-out                             ; 1.98           ;
+---------------------------------------------+----------------+


+---------------------------------------------------------------------------------------------------------------------------------------------------------------------------------------------------------+
; Analysis & Synthesis Resource Utilization by Entity                                                                                                                                                     ;
+----------------------------+---------------------+---------------------------+-------------------+------------+------+--------------+------------------------------------+---------------+--------------+
; Compilation Hierarchy Node ; Combinational ALUTs ; Dedicated Logic Registers ; Block Memory Bits ; DSP Blocks ; Pins ; Virtual Pins ; Full Hierarchy Name                ; Entity Name   ; Library Name ;
+----------------------------+---------------------+---------------------------+-------------------+------------+------+--------------+------------------------------------+---------------+--------------+
; |Lab6                      ; 40 (0)              ; 20 (0)                    ; 0                 ; 0          ; 35   ; 0            ; |Lab6                              ; Lab6          ; work         ;
;    |binary_to_bcd:comb_3|  ; 23 (0)              ; 0 (0)                     ; 0                 ; 0          ; 0    ; 0            ; |Lab6|binary_to_bcd:comb_3         ; binary_to_bcd ; work         ;
;       |add3:m1|            ; 1 (1)               ; 0 (0)                     ; 0                 ; 0          ; 0    ; 0            ; |Lab6|binary_to_bcd:comb_3|add3:m1 ; add3          ; work         ;
;       |add3:m2|            ; 4 (4)               ; 0 (0)                     ; 0                 ; 0          ; 0    ; 0            ; |Lab6|binary_to_bcd:comb_3|add3:m2 ; add3          ; work         ;
;       |add3:m3|            ; 4 (4)               ; 0 (0)                     ; 0                 ; 0          ; 0    ; 0            ; |Lab6|binary_to_bcd:comb_3|add3:m3 ; add3          ; work         ;
;       |add3:m4|            ; 4 (4)               ; 0 (0)                     ; 0                 ; 0          ; 0    ; 0            ; |Lab6|binary_to_bcd:comb_3|add3:m4 ; add3          ; work         ;
;       |add3:m5|            ; 4 (4)               ; 0 (0)                     ; 0                 ; 0          ; 0    ; 0            ; |Lab6|binary_to_bcd:comb_3|add3:m5 ; add3          ; work         ;
;       |add3:m6|            ; 1 (1)               ; 0 (0)                     ; 0                 ; 0          ; 0    ; 0            ; |Lab6|binary_to_bcd:comb_3|add3:m6 ; add3          ; work         ;
;       |add3:m7|            ; 5 (5)               ; 0 (0)                     ; 0                 ; 0          ; 0    ; 0            ; |Lab6|binary_to_bcd:comb_3|add3:m7 ; add3          ; work         ;
;    |decoder_7_seg:comb_6|  ; 3 (3)               ; 6 (6)                     ; 0                 ; 0          ; 0    ; 0            ; |Lab6|decoder_7_seg:comb_6         ; decoder_7_seg ; work         ;
;    |decoder_7_seg:comb_7|  ; 7 (7)               ; 7 (7)                     ; 0                 ; 0          ; 0    ; 0            ; |Lab6|decoder_7_seg:comb_7         ; decoder_7_seg ; work         ;
;    |decoder_7_seg:comb_8|  ; 7 (7)               ; 7 (7)                     ; 0                 ; 0          ; 0    ; 0            ; |Lab6|decoder_7_seg:comb_8         ; decoder_7_seg ; work         ;
+----------------------------+---------------------+---------------------------+-------------------+------------+------+--------------+------------------------------------+---------------+--------------+
Note: For table entries with two numbers listed, the numbers in parentheses indicate the number of resources of the given type used by the specific entity alone. The numbers listed outside of parentheses indicate the total resources of the given type used by the specific entity and all of its sub-entities in the hierarchy.


+--------------------------------------------------------------------------------+
; Registers Removed During Synthesis                                             ;
+---------------------------------------+----------------------------------------+
; Register name                         ; Reason for Removal                     ;
+---------------------------------------+----------------------------------------+
; decoder_7_seg:comb_6|SEG[1]           ; Stuck at GND due to stuck port data_in ;
; Total Number of Removed Registers = 1 ;                                        ;
+---------------------------------------+----------------------------------------+


+------------------------------------------------------+
; General Register Statistics                          ;
+----------------------------------------------+-------+
; Statistic                                    ; Value ;
+----------------------------------------------+-------+
; Total registers                              ; 20    ;
; Number of registers using Synchronous Clear  ; 0     ;
; Number of registers using Synchronous Load   ; 0     ;
; Number of registers using Asynchronous Clear ; 0     ;
; Number of registers using Asynchronous Load  ; 0     ;
; Number of registers using Clock Enable       ; 0     ;
; Number of registers using Preset             ; 0     ;
+----------------------------------------------+-------+


+--------------------------------------------------+
; Port Connectivity Checks: "decoder_7_seg:comb_6" ;
+---------+-------+----------+---------------------+
; Port    ; Type  ; Severity ; Details             ;
+---------+-------+----------+---------------------+
; D[3..2] ; Input ; Info     ; Stuck at GND        ;
+---------+-------+----------+---------------------+


+----------------------------------------------------------+
; Port Connectivity Checks: "binary_to_bcd:comb_3|add3:m6" ;
+-------+-------+----------+-------------------------------+
; Port  ; Type  ; Severity ; Details                       ;
+-------+-------+----------+-------------------------------+
; in[3] ; Input ; Info     ; Stuck at GND                  ;
+-------+-------+----------+-------------------------------+


+----------------------------------------------------------+
; Port Connectivity Checks: "binary_to_bcd:comb_3|add3:m1" ;
+-------+-------+----------+-------------------------------+
; Port  ; Type  ; Severity ; Details                       ;
+-------+-------+----------+-------------------------------+
; in[3] ; Input ; Info     ; Stuck at GND                  ;
+-------+-------+----------+-------------------------------+


+-----------------------------------------------------+
; Post-Synthesis Netlist Statistics for Top Partition ;
+-----------------------+-----------------------------+
; Type                  ; Count                       ;
+-----------------------+-----------------------------+
; arriav_ff             ; 20                          ;
;     plain             ; 20                          ;
; arriav_io_obuf        ; 1                           ;
; arriav_lcell_comb     ; 41                          ;
;     normal            ; 41                          ;
;         0 data inputs ; 1                           ;
;         3 data inputs ; 2                           ;
;         4 data inputs ; 35                          ;
;         6 data inputs ; 3                           ;
; boundary_port         ; 35                          ;
;                       ;                             ;
; Max LUT depth         ; 5.00                        ;
; Average LUT depth     ; 3.01                        ;
+-----------------------+-----------------------------+


+-------------------------------+
; Elapsed Time Per Partition    ;
+----------------+--------------+
; Partition Name ; Elapsed Time ;
+----------------+--------------+
; Top            ; 00:00:00     ;
+----------------+--------------+


+-------------------------------+
; Analysis & Synthesis Messages ;
+-------------------------------+
Info: *******************************************************************
Info: Running Quartus Prime Analysis & Synthesis
    Info: Version 16.1.0 Build 196 10/24/2016 SJ Lite Edition
    Info: Processing started: Fri Mar 29 10:57:13 2019
Info: Command: quartus_map --read_settings_files=on --write_settings_files=off Lab6 -c Lab6
Warning (18236): Number of processors has not been specified which may cause overloading on shared machines.  Set the global assignment NUM_PARALLEL_PROCESSORS in your QSF to an appropriate value for best performance.
Info (20030): Parallel compilation is enabled and will use 2 of the 2 processors detected
Info (12021): Found 1 design units, including 1 entities, in source file decoder_7_seg.v
    Info (12023): Found entity 1: decoder_7_seg File: C:/Users/barber.timothy20/Documents/Github/Quartus/Lab6/decoder_7_seg.v Line: 1
Info (12021): Found 1 design units, including 1 entities, in source file add3.v
    Info (12023): Found entity 1: add3 File: C:/Users/barber.timothy20/Documents/Github/Quartus/Lab6/add3.v Line: 1
Info (12021): Found 1 design units, including 1 entities, in source file binary_to_bcd.v
    Info (12023): Found entity 1: binary_to_bcd File: C:/Users/barber.timothy20/Documents/Github/Quartus/Lab6/binary_to_bcd.v Line: 1
Warning (12125): Using design file lab6.v, which is not specified as a design file for the current project, but contains definitions for 1 design units and 1 entities in project
    Info (12023): Found entity 1: Lab6 File: C:/Users/barber.timothy20/Documents/Github/Quartus/Lab6/lab6.v Line: 6
Critical Warning (10846): Verilog HDL Instantiation warning at lab6.v(40): instance has no name File: C:/Users/barber.timothy20/Documents/Github/Quartus/Lab6/lab6.v Line: 40
Critical Warning (10846): Verilog HDL Instantiation warning at lab6.v(42): instance has no name File: C:/Users/barber.timothy20/Documents/Github/Quartus/Lab6/lab6.v Line: 42
Critical Warning (10846): Verilog HDL Instantiation warning at lab6.v(43): instance has no name File: C:/Users/barber.timothy20/Documents/Github/Quartus/Lab6/lab6.v Line: 43
Critical Warning (10846): Verilog HDL Instantiation warning at lab6.v(44): instance has no name File: C:/Users/barber.timothy20/Documents/Github/Quartus/Lab6/lab6.v Line: 44
Info (12127): Elaborating entity "Lab6" for the top level hierarchy
Info (12128): Elaborating entity "binary_to_bcd" for hierarchy "binary_to_bcd:comb_3" File: C:/Users/barber.timothy20/Documents/Github/Quartus/Lab6/lab6.v Line: 40
Info (12128): Elaborating entity "add3" for hierarchy "binary_to_bcd:comb_3|add3:m1" File: C:/Users/barber.timothy20/Documents/Github/Quartus/Lab6/binary_to_bcd.v Line: 16
Info (12128): Elaborating entity "decoder_7_seg" for hierarchy "decoder_7_seg:comb_6" File: C:/Users/barber.timothy20/Documents/Github/Quartus/Lab6/lab6.v Line: 42
Warning (10230): Verilog HDL assignment warning at decoder_7_seg.v(10): truncated value with size 8 to match size of target (7) File: C:/Users/barber.timothy20/Documents/Github/Quartus/Lab6/decoder_7_seg.v Line: 10
Warning (10230): Verilog HDL assignment warning at decoder_7_seg.v(11): truncated value with size 8 to match size of target (7) File: C:/Users/barber.timothy20/Documents/Github/Quartus/Lab6/decoder_7_seg.v Line: 11
Warning (10230): Verilog HDL assignment warning at decoder_7_seg.v(12): truncated value with size 8 to match size of target (7) File: C:/Users/barber.timothy20/Documents/Github/Quartus/Lab6/decoder_7_seg.v Line: 12
Warning (10230): Verilog HDL assignment warning at decoder_7_seg.v(13): truncated value with size 8 to match size of target (7) File: C:/Users/barber.timothy20/Documents/Github/Quartus/Lab6/decoder_7_seg.v Line: 13
Warning (10230): Verilog HDL assignment warning at decoder_7_seg.v(14): truncated value with size 8 to match size of target (7) File: C:/Users/barber.timothy20/Documents/Github/Quartus/Lab6/decoder_7_seg.v Line: 14
Warning (10230): Verilog HDL assignment warning at decoder_7_seg.v(15): truncated value with size 8 to match size of target (7) File: C:/Users/barber.timothy20/Documents/Github/Quartus/Lab6/decoder_7_seg.v Line: 15
Warning (10230): Verilog HDL assignment warning at decoder_7_seg.v(16): truncated value with size 8 to match size of target (7) File: C:/Users/barber.timothy20/Documents/Github/Quartus/Lab6/decoder_7_seg.v Line: 16
Warning (10230): Verilog HDL assignment warning at decoder_7_seg.v(17): truncated value with size 8 to match size of target (7) File: C:/Users/barber.timothy20/Documents/Github/Quartus/Lab6/decoder_7_seg.v Line: 17
Warning (10230): Verilog HDL assignment warning at decoder_7_seg.v(18): truncated value with size 8 to match size of target (7) File: C:/Users/barber.timothy20/Documents/Github/Quartus/Lab6/decoder_7_seg.v Line: 18
Warning (10230): Verilog HDL assignment warning at decoder_7_seg.v(19): truncated value with size 8 to match size of target (7) File: C:/Users/barber.timothy20/Documents/Github/Quartus/Lab6/decoder_7_seg.v Line: 19
Warning (10230): Verilog HDL assignment warning at decoder_7_seg.v(20): truncated value with size 8 to match size of target (7) File: C:/Users/barber.timothy20/Documents/Github/Quartus/Lab6/decoder_7_seg.v Line: 20
Warning (13039): The following bidirectional pins have no drivers
    Warning (13040): bidirectional pin "CLOCK4_50" has no driver File: C:/Users/barber.timothy20/Documents/Github/Quartus/Lab6/lab6.v Line: 12
Warning (13024): Output pins are stuck at VCC or GND
    Warning (13410): Pin "HEX5[1]" is stuck at GND File: C:/Users/barber.timothy20/Documents/Github/Quartus/Lab6/lab6.v Line: 20
Info (286030): Timing-Driven Synthesis is running
Info (16010): Generating hard_block partition "hard_block:auto_generated_inst"
    Info (16011): Adding 0 node(s), including 0 DDIO, 0 PLL, 0 transceiver and 0 LCELL
Warning (21074): Design contains 4 input pin(s) that do not drive logic
    Warning (15610): No output dependent on input pin "CLOCK2_50" File: C:/Users/barber.timothy20/Documents/Github/Quartus/Lab6/lab6.v Line: 10
    Warning (15610): No output dependent on input pin "CLOCK3_50" File: C:/Users/barber.timothy20/Documents/Github/Quartus/Lab6/lab6.v Line: 11
    Warning (15610): No output dependent on input pin "SW[0]" File: C:/Users/barber.timothy20/Documents/Github/Quartus/Lab6/lab6.v Line: 24
    Warning (15610): No output dependent on input pin "SW[1]" File: C:/Users/barber.timothy20/Documents/Github/Quartus/Lab6/lab6.v Line: 24
Info (21057): Implemented 77 device resources after synthesis - the final resource count might be different
    Info (21058): Implemented 13 input pins
    Info (21059): Implemented 21 output pins
    Info (21060): Implemented 1 bidirectional pins
    Info (21061): Implemented 42 logic cells
Info: Quartus Prime Analysis & Synthesis was successful. 0 errors, 26 warnings
    Info: Peak virtual memory: 685 megabytes
    Info: Processing ended: Fri Mar 29 10:57:26 2019
    Info: Elapsed time: 00:00:13
    Info: Total CPU time (on all processors): 00:00:29


